<?xml version="1.0" encoding="UTF-8"?>
<testng-results ignored="0" total="1" passed="1" failed="0" skipped="0">
  <reporter-output>
  </reporter-output>
  <suite started-at="2025-04-03T20:58:20 IST" name="Suite" finished-at="2025-04-03T20:59:54 IST" duration-ms="93471">
    <groups>
      <group name="cucumber">
        <method signature="AbstractTestNGCucumberTests.runScenario(io.cucumber.testng.PickleWrapper,io.cucumber.testng.FeatureWrapper)[pri:0, instance:com.runner.Runnertestng@1e178745]" name="runScenario" class="io.cucumber.testng.AbstractTestNGCucumberTests"/>
      </group> <!-- cucumber -->
    </groups>
    <test started-at="2025-04-03T20:58:20 IST" name="Test" finished-at="2025-04-03T20:59:54 IST" duration-ms="93471">
      <class name="com.runner.Runnertestng">
        <test-method is-config="true" signature="setUpClass(org.testng.ITestContext)[pri:0, instance:com.runner.Runnertestng@1e178745]" started-at="2025-04-03T20:58:20 IST" name="setUpClass" finished-at="2025-04-03T20:58:26 IST" duration-ms="6129" status="PASS">
          <params>
            <param index="0">
              <value>
                <![CDATA[org.testng.TestRunner@3f6c2763]]>
              </value>
            </param>
          </params>
          <reporter-output>
          </reporter-output>
        </test-method> <!-- setUpClass -->
        <test-method signature="runScenario(io.cucumber.testng.PickleWrapper,io.cucumber.testng.FeatureWrapper)[pri:0, instance:com.runner.Runnertestng@1e178745]" started-at="2025-04-03T20:58:27 IST" name="runScenario" description="Runs Cucumber Scenarios" data-provider="scenarios" finished-at="2025-04-03T20:59:34 IST" duration-ms="67679" status="PASS">
          <params>
            <param index="0">
              <value>
                <![CDATA["Login with valid credentials"]]>
              </value>
            </param>
            <param index="1">
              <value>
                <![CDATA["Login to hrm application"]]>
              </value>
            </param>
          </params>
          <reporter-output>
          </reporter-output>
        </test-method> <!-- runScenario -->
        <test-method is-config="true" signature="tearDownClass()[pri:0, instance:com.runner.Runnertestng@1e178745]" started-at="2025-04-03T20:59:34 IST" name="tearDownClass" finished-at="2025-04-03T20:59:54 IST" duration-ms="19286" status="PASS">
          <reporter-output>
          </reporter-output>
        </test-method> <!-- tearDownClass -->
      </class> <!-- com.runner.Runnertestng -->
    </test> <!-- Test -->
  </suite> <!-- Suite -->
</testng-results>
